Error: write EPIPE

Messages from the log:
[NX v22.1.3 Daemon Server] - 2025-12-03T23:14:49.319Z - Closed a connection. Number of open connections: 2
[NX v22.1.3 Daemon Server] - 2025-12-03T23:14:49.351Z - Established a connection. Number of open connections: 3
[NX v22.1.3 Daemon Server] - 2025-12-03T23:14:49.351Z - Closed a connection. Number of open connections: 2
[NX v22.1.3 Daemon Server] - 2025-12-03T23:14:49.351Z - Established a connection. Number of open connections: 3
[NX v22.1.3 Daemon Server] - 2025-12-03T23:14:50.366Z - Closed a connection. Number of open connections: 2
[NX v22.1.3 Daemon Server] - 2025-12-03T23:14:50.366Z - Closed a connection. Number of open connections: 1
[NX v22.1.3 Daemon Server] - 2025-12-03T23:14:50.366Z - Closed a connection. Number of open connections: 0
[NX v22.1.3 Daemon Server] - 2025-12-03T23:14:50.366Z - [WATCHER]: Stopping the watcher for c:\Users\Aluno\Documents\rick-barbershop2\my-barbershop (sources)
[NX v22.1.3 Daemon Server] - 2025-12-03T23:14:50.366Z - [WATCHER]: Stopping the watcher for c:\Users\Aluno\Documents\rick-barbershop2\my-barbershop (outputs)
[NX v22.1.3 Daemon Server] - 2025-12-03T23:14:50.367Z - Started listening on: \\.\pipe\nx\C:\Users\Aluno\AppData\Local\Temp\975237af9ebfe494dcaf\d.sock
[NX v22.1.3 Daemon Server] - 2025-12-03T23:14:50.368Z - Server stopped because: "this process is no longer the current daemon (native)"
[NX v22.1.3 Daemon Server] - 2025-12-03T23:14:50.374Z - [WATCHER]: Subscribed to changes within: c:\Users\Aluno\Documents\rick-barbershop2\my-barbershop (native)
[NX v22.1.3 Daemon Server] - 2025-12-03T23:14:50.376Z - [NX-CONSOLE]: Pulling latest Nx (latest) to check console status...
Fetching nx...
Time for 'plugin worker 7328 code loading' 17.164099999999998
Time for 'plugin worker 15468 code loading' 15.930799999999998
Time for 'plugin worker 9064 code loading' 14.905500000000004
Time for 'plugin worker 12180 code loading' 16.662300000000002
Time for 'plugin worker 18180 code loading' 16.745099999999997



More information: c:\Users\Aluno\Documents\rick-barbershop2\my-barbershop\.nx\workspace-data\d\daemon.log